app/build/outputs/logs/manifest-merger-debug-report.txt
-- Merging decision tree log ---
manifest
ADDED from src\main\AndroidManifest.xml:2:1-82:12
INJECTED from src\main\AndroidManifest.xml:2:1-82:12
INJECTED from src\main\AndroidManifest.xml:2:1-82:12
INJECTED from src\main\AndroidManifest.xml:2:1-82:12
INJECTED from src\main\AndroidManifest.xml:2:1-82:12
INJECTED from src\main\AndroidManifest.xml:2:1-82:12
INJECTED from src\main\AndroidManifest.xml:2:1-82:12
	package
		ADDED from src\main\AndroidManifest.xml:3:5-22
		INJECTED from src\main\AndroidManifest.xml
		INJECTED from src\main\AndroidManifest.xml
	android:versionName
		ADDED from src\main\AndroidManifest.xml:5:5-30
		INJECTED from src\main\AndroidManifest.xml
		INJECTED from src\main\AndroidManifest.xml
	xmlns:android
		ADDED from src\main\AndroidManifest.xml:2:11-69
	android:versionCode
		ADDED from src\main\AndroidManifest.xml:4:5-29
		INJECTED from src\main\AndroidManifest.xml
		INJECTED from src\main\AndroidManifest.xml
uses-permission#android.permission.BLUETOOTH_ADMIN
ADDED from src\main\AndroidManifest.xml:7:5-74
	android:name
		ADDED from src\main\AndroidManifest.xml:7:22-71
uses-permission#android.permission.BLUETOOTH
ADDED from src\main\AndroidManifest.xml:8:5-68
	android:name
		ADDED from src\main\AndroidManifest.xml:8:22-65
uses-permission#android.permission.INTERNET
ADDED from src\main\AndroidManifest.xml:9:5-67
	android:name
		ADDED from src\main\AndroidManifest.xml:9:22-64
uses-permission#android.permission.WRITE_EXTERNAL_STORAGE
ADDED from src\main\AndroidManifest.xml:10:5-81
	android:name
		ADDED from src\main\AndroidManifest.xml:10:22-78
uses-permission#android.permission.KILL_BACKGROUND_PROCESSES
ADDED from src\main\AndroidManifest.xml:11:5-84
	android:name
		ADDED from src\main\AndroidManifest.xml:11:22-81
application
ADDED from src\main\AndroidManifest.xml:13:5-81:19
	android:label
		ADDED from src\main\AndroidManifest.xml:15:9-41
	android:icon
		ADDED from src\main\AndroidManifest.xml:14:9-41
activity#wcs.cps.WcpsActivity
ADDED from src\main\AndroidManifest.xml:17:9-27:20
	android:screenOrientation
		ADDED from src\main\AndroidManifest.xml:18:13-50
	android:label
		ADDED from src\main\AndroidManifest.xml:20:13-45
	android:name
		ADDED from src\main\AndroidManifest.xml:19:13-41
intent-filter#action:name:android.intent.action.MAIN+category:name:android.intent.category.LAUNCHER
ADDED from src\main\AndroidManifest.xml:23:13-26:29
action#android.intent.action.MAIN
ADDED from src\main\AndroidManifest.xml:24:17-69
	android:name
		ADDED from src\main\AndroidManifest.xml:24:25-66
category#android.intent.category.LAUNCHER
ADDED from src\main\AndroidManifest.xml:25:17-77
	android:name
		ADDED from src\main\AndroidManifest.xml:25:27-74
activity#wcs.cps.actLogin
ADDED from src\main\AndroidManifest.xml:29:9-31:48
	android:label
		ADDED from src\main\AndroidManifest.xml:31:13-45
	android:name
		ADDED from src\main\AndroidManifest.xml:30:13-36
activity#wcs.cps.actMain
ADDED from src\main\AndroidManifest.xml:32:9-35:51
	android:label
		ADDED from src\main\AndroidManifest.xml:34:13-45
	android:theme
		ADDED from src\main\AndroidManifest.xml:35:13-47
	android:name
		ADDED from src\main\AndroidManifest.xml:33:13-35
activity#wcs.cps.actPickWork
ADDED from src\main\AndroidManifest.xml:36:9-39:50
	android:label
		ADDED from src\main\AndroidManifest.xml:38:13-45
	android:theme
		ADDED from src\main\AndroidManifest.xml:39:13-47
	android:name
		ADDED from src\main\AndroidManifest.xml:37:13-39
activity#wcs.cps.actBlueMgr
ADDED from src\main\AndroidManifest.xml:40:9-43:51
	android:label
		ADDED from src\main\AndroidManifest.xml:42:13-45
	android:theme
		ADDED from src\main\AndroidManifest.xml:43:13-47
	android:name
		ADDED from src\main\AndroidManifest.xml:41:13-38
activity#wcs.cps.actPickBoxMatch
ADDED from src\main\AndroidManifest.xml:44:9-47:50
	android:label
		ADDED from src\main\AndroidManifest.xml:46:13-45
	android:theme
		ADDED from src\main\AndroidManifest.xml:47:13-47
	android:name
		ADDED from src\main\AndroidManifest.xml:45:13-43
activity#wcs.cps.actSupply
ADDED from src\main\AndroidManifest.xml:48:9-51:50
	android:label
		ADDED from src\main\AndroidManifest.xml:50:13-45
	android:theme
		ADDED from src\main\AndroidManifest.xml:51:13-47
	android:name
		ADDED from src\main\AndroidManifest.xml:49:13-37
activity#wcs.cps.LogDBActivity
ADDED from src\main\AndroidManifest.xml:52:9-55:50
	android:label
		ADDED from src\main\AndroidManifest.xml:54:13-45
	android:theme
		ADDED from src\main\AndroidManifest.xml:55:13-47
	android:name
		ADDED from src\main\AndroidManifest.xml:53:13-41
activity#wcs.cps.actQuery
ADDED from src\main\AndroidManifest.xml:56:9-59:50
	android:label
		ADDED from src\main\AndroidManifest.xml:58:13-45
	android:theme
		ADDED from src\main\AndroidManifest.xml:59:13-47
	android:name
		ADDED from src\main\AndroidManifest.xml:57:13-36
activity#wcs.cps.actStock
ADDED from src\main\AndroidManifest.xml:60:9-63:50
	android:label
		ADDED from src\main\AndroidManifest.xml:62:13-45
	android:theme
		ADDED from src\main\AndroidManifest.xml:63:13-47
	android:name
		ADDED from src\main\AndroidManifest.xml:61:13-36
activity#wcs.cps.actWorkLog
ADDED from src\main\AndroidManifest.xml:64:9-67:50
	android:label
		ADDED from src\main\AndroidManifest.xml:66:13-45
	android:theme
		ADDED from src\main\AndroidManifest.xml:67:13-47
	android:name
		ADDED from src\main\AndroidManifest.xml:65:13-38
activity#wcs.cps.actSupplyActive
ADDED from src\main\AndroidManifest.xml:68:9-71:50
	android:label
		ADDED from src\main\AndroidManifest.xml:70:13-45
	android:theme
		ADDED from src\main\AndroidManifest.xml:71:13-47
	android:name
		ADDED from src\main\AndroidManifest.xml:69:13-43
activity#wcs.cps.actCheckStock
ADDED from src\main\AndroidManifest.xml:72:9-75:50
	android:label
		ADDED from src\main\AndroidManifest.xml:74:13-45
	android:theme
		ADDED from src\main\AndroidManifest.xml:75:13-47
	android:name
		ADDED from src\main\AndroidManifest.xml:73:13-41
activity#wcs.cps.actPositionMove
ADDED from src\main\AndroidManifest.xml:76:9-79:50
	android:label
		ADDED from src\main\AndroidManifest.xml:78:13-45
	android:theme
		ADDED from src\main\AndroidManifest.xml:79:13-47
	android:name
		ADDED from src\main\AndroidManifest.xml:77:13-43
uses-sdk
INJECTED from src\main\AndroidManifest.xml reason: use-sdk injection requested
INJECTED from src\main\AndroidManifest.xml
INJECTED from src\main\AndroidManifest.xml
INJECTED from src\main\AndroidManifest.xml
INJECTED from src\main\AndroidManifest.xml
	android:targetSdkVersion
		INJECTED from src\main\AndroidManifest.xml
		ADDED from src\main\AndroidManifest.xml
		INJECTED from src\main\AndroidManifest.xml
	android:minSdkVersion
		INJECTED from src\main\AndroidManifest.xml
		ADDED from src\main\AndroidManifest.xml
		INJECTED from src\main\AndroidManifest.xml